<?xml version="1.0" encoding="UTF-8"?>
<!-- Generated by org.testng.reporters.JUnitReportReporter -->
<testsuite hostname="Sarthaks-MacBook-Air-1482.local" failures="0" tests="1" name="com.guru99.testcases.ClickOnMobile" time="0.913" errors="0" timestamp="2021-02-08T03:17:02 GMT" skipped="0">
  <testcase classname="com.guru99.testcases.ClickOnMobile" name="clickOnMobile" time="0.913"/>
  <system-out/>
</testsuite> <!-- com.guru99.testcases.ClickOnMobile -->
