<?xml version="1.0" encoding="UTF-8"?>
<!-- Generated by org.testng.reporters.JUnitReportReporter -->
<testsuite hostname="Sarthaks-MacBook-Air-1482.local" failures="0" tests="2" name="com.guru99.testcases.VerifyTitleMobile" time="1.022" errors="0" timestamp="2021-02-07T02:52:25 GMT" skipped="0">
  <testcase classname="com.guru99.testcases.VerifyTitleMobile" name="clickOnMobile" time="0.909"/>
  <system-out/>
  <testcase classname="com.guru99.testcases.VerifyTitleMobile" name="verifyMobileTitle" time="0.113"/>
  <system-out/>
</testsuite> <!-- com.guru99.testcases.VerifyTitleMobile -->
