<?xml version="1.0" encoding="UTF-8"?>
<!-- Generated by org.testng.reporters.JUnitReportReporter -->
<testsuite hostname="Sarthaks-MacBook-Air-1482.local" failures="0" tests="1" name="com.guru99.testcases.ClickOnMobile" time="1.039" errors="0" timestamp="2021-02-07T19:59:59 GMT" skipped="0">
  <testcase classname="com.guru99.testcases.ClickOnMobile" name="clickOnMobile" time="1.039"/>
  <system-out/>
</testsuite> <!-- com.guru99.testcases.ClickOnMobile -->
